<?xml version="1.0" encoding="UTF-8"?>
<!-- Generated by org.testng.reporters.JUnitXMLReporter -->
<testsuite hostname="TASSU" name="ExpediaTest2" tests="2" failures="0" timestamp="12 Nov 2015 22:14:17 GMT" time="0.047" errors="0">
  <testcase name="@BeforeSuite setUp" time="0.0" classname="com.expedia.selenium.ExpediaMavenTest.TS001_TC001_VerifyRoundTrip">
    <failure type="java.lang.NullPointerException">
      <![CDATA[java.lang.NullPointerException
	at java.util.Properties$LineReader.readLine(Unknown Source)
	at java.util.Properties.load0(Unknown Source)
	at java.util.Properties.load(Unknown Source)
	at com.expedia.selenium.ExpediaMavenTest.utilities.ReadConfigFile.<init>(ReadConfigFile.java:17)
	at com.expedia.selenium.ExpediaMavenTest.utilities.AbstractTest.setUp(AbstractTest.java:34)
... Removed 18 stack frames]]>
    </failure>
  </testcase> <!-- @BeforeSuite setUp -->
  <testcase name="@AfterClass navigateToHome" time="0.0" classname="com.expedia.selenium.ExpediaMavenTest.TS001_TC001_VerifyRoundTrip">
    <skipped/>
  </testcase> <!-- @AfterClass navigateToHome -->
  <testcase name="@AfterClass navigateToHome" time="0.0" classname="com.expedia.selenium.ExpediaMavenTest.TS001_TC002_VerifyRoundTripWtPreferredAirlines">
    <skipped/>
  </testcase> <!-- @AfterClass navigateToHome -->
  <testcase name="flightRoundTrip" time="0.0" classname="com.expedia.selenium.ExpediaMavenTest.TS001_TC001_VerifyRoundTrip">
    <skipped/>
  </testcase> <!-- flightRoundTrip -->
  <testcase name="flightRoundTripWtPrefAirlines" time="0.0" classname="com.expedia.selenium.ExpediaMavenTest.TS001_TC002_VerifyRoundTripWtPreferredAirlines">
    <skipped/>
  </testcase> <!-- flightRoundTripWtPrefAirlines -->
</testsuite> <!-- ExpediaTest2 -->
