<?xml version="1.0" encoding="UTF-8"?>
<testng-results skipped="2" failed="0" total="2" passed="0">
  <reporter-output>
  </reporter-output>
  <suite name="ExpediaTestSuite" duration-ms="15" started-at="2016-02-02T01:28:36Z" finished-at="2016-02-02T01:28:36Z">
    <groups>
    </groups>
    <test name="ExpediaTest" duration-ms="15" started-at="2016-02-02T01:28:36Z" finished-at="2016-02-02T01:28:36Z">
      <class name="com.expedia.selenium.ExpediaMavenTest.TS001_TC001_VerifyRoundTrip">
        <test-method status="FAIL" signature="setUp()[pri:0, instance:com.expedia.selenium.ExpediaMavenTest.TS001_TC001_VerifyRoundTrip@13969fbe]" name="setUp" is-config="true" duration-ms="0" started-at="2016-02-01T20:27:46Z" finished-at="2016-02-01T20:27:46Z">
          <exception class="org.openqa.selenium.WebDriverException">
            <message>
              <![CDATA[Failed to connect to binary FirefoxBinary(C:\Program Files (x86)\Mozilla Firefox\firefox.exe) on port 7055; process output follows: 
e DigitalPersona a sitios Web.","creator":null,"homepageURL":null},{"locales":["fr-FR"],"name":"Extension DigitalPersona","description":"Permet la prise en charge des ouvertures de session DigitalPersona sur des sites Web","creator":null,"homepageURL":null},{"locales":["it-IT"],"name":"Estensione DigitalPersona","description":"Fornisce il supporto per gli accessi di DigitalPersona ai siti Web","creator":null,"homepageURL":null},{"locales":["ja-JA"],"name":"DigitalPersona æ‹¡å¼µ","description":"Web ã‚µã‚¤ãƒˆã�¸ã�® DigitalPersona ãƒ­ã‚°ã‚ªãƒ³ã�®ã�Ÿã‚�ã�®ã‚µãƒ�ãƒ¼ãƒˆã‚’æ��ä¾›ã�™ã‚‹","creator":null,"homepageURL":null},{"locales":["ko-KO"],"name":"DigitalPersona í™•ìž¥","description":"ì›¹ ì‚¬ì�´íŠ¸ë¥¼ ìœ„í•œ DigitalPersona ë¡œê·¸ì˜¨ ì§€ì›� ì œê³µ","creator":null,"homepageURL":null},{"locales":["pt-BR"],"name":"ExtensÃ£o do DigitalPersona","description":"Oferece suporte aos logins do DigitalPersona em sites","creator":null,"homepageURL":null},{"locales":["zh-CN"],"name":"DigitalPersona æ‰©å±•","description":"ä¸º DigitalPersona ç™»å½•è‡³ Web ç«™ç‚¹æ��ä¾›æ”¯æŒ�","creator":null,"homepageURL":null},{"locales":["zh-TW"],"name":"DigitalPersona å»¶ä¼¸","description":"é‡�å°� DigitalPersona ç™»å…¥ç¶²ç«™æ��ä¾›æ”¯æ�´","creator":null,"homepageURL":null}],"targetApplications":[{"id":"{ec8030f7-c20a-464f-9b0e-13a3a9e97384}","minVersion":"3.*","maxVersion":"6.*"}],"targetPlatforms":[],"multiprocessCompatible":false,"signedState":0}
1454376474841	DeferredSave.extensions.json	DEBUG	Save changes
1454376474841	addons.xpi	DEBUG	Updating database with changes to installed add-ons
1454376474841	addons.xpi-utils	DEBUG	Updating add-on states
1454376474844	addons.xpi-utils	DEBUG	Writing add-ons list
1454376474850	addons.xpi	DEBUG	Registering manifest for C:\Program Files (x86)\Mozilla Firefox\browser\extensions\{82AF8DCA-6DE9-405D-BD5E-43525BDAD38A}.xpi
1454376474851	addons.xpi	DEBUG	Calling bootstrap method startup on {82AF8DCA-6DE9-405D-BD5E-43525BDAD38A} version 8.0.0.9103
1454376474985	addons.manager	DEBUG	Registering shutdown blocker for XPIProvider
1454376474986	addons.manager	DEBUG	Provider finished startup: XPIProvider
1454376474986	addons.manager	DEBUG	Starting provider: LightweightThemeManager
1454376474986	addons.manager	DEBUG	Registering shutdown blocker for LightweightThemeManager
1454376474986	addons.manager	DEBUG	Provider finished startup: LightweightThemeManager
1454376474986	addons.manager	DEBUG	Starting provider: GMPProvider
1454376474992	addons.manager	DEBUG	Registering shutdown blocker for GMPProvider
1454376474993	addons.manager	DEBUG	Provider finished startup: GMPProvider
1454376474993	addons.manager	DEBUG	Starting provider: PluginProvider
1454376474993	addons.manager	DEBUG	Registering shutdown blocker for PluginProvider
1454376474993	addons.manager	DEBUG	Provider finished startup: PluginProvider
1454376474993	addons.manager	DEBUG	Completed startup sequence
1454376477814	addons.manager	DEBUG	Starting provider: <unnamed-provider>
1454376477814	addons.manager	DEBUG	Registering shutdown blocker for <unnamed-provider>
1454376477816	addons.manager	DEBUG	Provider finished startup: <unnamed-provider>
1454376479194	DeferredSave.extensions.json	DEBUG	Write succeeded
1454376479194	addons.xpi-utils	DEBUG	XPI Database saved, setting schema version preference to 17
1454376479194	DeferredSave.extensions.json	DEBUG	Starting timer
1454376479208	addons.repository	DEBUG	No addons.json found.
1454376479208	DeferredSave.addons.json	DEBUG	Save changes
1454376479233	DeferredSave.addons.json	DEBUG	Starting timer
1454376479251	addons.manager	DEBUG	Starting provider: PreviousExperimentProvider
1454376479251	addons.manager	DEBUG	Registering shutdown blocker for PreviousExperimentProvider
1454376479252	addons.manager	DEBUG	Provider finished startup: PreviousExperimentProvider
1454376479255	DeferredSave.extensions.json	DEBUG	Starting write
1454376479280	DeferredSave.extensions.json	DEBUG	Write succeeded
1454376479286	DeferredSave.addons.json	DEBUG	Starting write
1454376479534	DeferredSave.addons.json	DEBUG	Write succeeded

Build info: version: '2.47.1', revision: 'unknown', time: '2015-07-30 11:02:44'
System info: host: 'TASSU', ip: '192.168.1.11', os.name: 'Windows 7', os.arch: 'amd64', os.version: '6.1', java.version: '1.8.0_40'
Driver info: driver.version: FirefoxDriver]]>
            </message>
            <full-stacktrace>
              <![CDATA[org.openqa.selenium.WebDriverException: Failed to connect to binary FirefoxBinary(C:\Program Files (x86)\Mozilla Firefox\firefox.exe) on port 7055; process output follows: 
e DigitalPersona a sitios Web.","creator":null,"homepageURL":null},{"locales":["fr-FR"],"name":"Extension DigitalPersona","description":"Permet la prise en charge des ouvertures de session DigitalPersona sur des sites Web","creator":null,"homepageURL":null},{"locales":["it-IT"],"name":"Estensione DigitalPersona","description":"Fornisce il supporto per gli accessi di DigitalPersona ai siti Web","creator":null,"homepageURL":null},{"locales":["ja-JA"],"name":"DigitalPersona æ‹¡å¼µ","description":"Web ã‚µã‚¤ãƒˆã�¸ã�® DigitalPersona ãƒ­ã‚°ã‚ªãƒ³ã�®ã�Ÿã‚�ã�®ã‚µãƒ�ãƒ¼ãƒˆã‚’æ��ä¾›ã�™ã‚‹","creator":null,"homepageURL":null},{"locales":["ko-KO"],"name":"DigitalPersona í™•ìž¥","description":"ì›¹ ì‚¬ì�´íŠ¸ë¥¼ ìœ„í•œ DigitalPersona ë¡œê·¸ì˜¨ ì§€ì›� ì œê³µ","creator":null,"homepageURL":null},{"locales":["pt-BR"],"name":"ExtensÃ£o do DigitalPersona","description":"Oferece suporte aos logins do DigitalPersona em sites","creator":null,"homepageURL":null},{"locales":["zh-CN"],"name":"DigitalPersona æ‰©å±•","description":"ä¸º DigitalPersona ç™»å½•è‡³ Web ç«™ç‚¹æ��ä¾›æ”¯æŒ�","creator":null,"homepageURL":null},{"locales":["zh-TW"],"name":"DigitalPersona å»¶ä¼¸","description":"é‡�å°� DigitalPersona ç™»å…¥ç¶²ç«™æ��ä¾›æ”¯æ�´","creator":null,"homepageURL":null}],"targetApplications":[{"id":"{ec8030f7-c20a-464f-9b0e-13a3a9e97384}","minVersion":"3.*","maxVersion":"6.*"}],"targetPlatforms":[],"multiprocessCompatible":false,"signedState":0}
1454376474841	DeferredSave.extensions.json	DEBUG	Save changes
1454376474841	addons.xpi	DEBUG	Updating database with changes to installed add-ons
1454376474841	addons.xpi-utils	DEBUG	Updating add-on states
1454376474844	addons.xpi-utils	DEBUG	Writing add-ons list
1454376474850	addons.xpi	DEBUG	Registering manifest for C:\Program Files (x86)\Mozilla Firefox\browser\extensions\{82AF8DCA-6DE9-405D-BD5E-43525BDAD38A}.xpi
1454376474851	addons.xpi	DEBUG	Calling bootstrap method startup on {82AF8DCA-6DE9-405D-BD5E-43525BDAD38A} version 8.0.0.9103
1454376474985	addons.manager	DEBUG	Registering shutdown blocker for XPIProvider
1454376474986	addons.manager	DEBUG	Provider finished startup: XPIProvider
1454376474986	addons.manager	DEBUG	Starting provider: LightweightThemeManager
1454376474986	addons.manager	DEBUG	Registering shutdown blocker for LightweightThemeManager
1454376474986	addons.manager	DEBUG	Provider finished startup: LightweightThemeManager
1454376474986	addons.manager	DEBUG	Starting provider: GMPProvider
1454376474992	addons.manager	DEBUG	Registering shutdown blocker for GMPProvider
1454376474993	addons.manager	DEBUG	Provider finished startup: GMPProvider
1454376474993	addons.manager	DEBUG	Starting provider: PluginProvider
1454376474993	addons.manager	DEBUG	Registering shutdown blocker for PluginProvider
1454376474993	addons.manager	DEBUG	Provider finished startup: PluginProvider
1454376474993	addons.manager	DEBUG	Completed startup sequence
1454376477814	addons.manager	DEBUG	Starting provider: <unnamed-provider>
1454376477814	addons.manager	DEBUG	Registering shutdown blocker for <unnamed-provider>
1454376477816	addons.manager	DEBUG	Provider finished startup: <unnamed-provider>
1454376479194	DeferredSave.extensions.json	DEBUG	Write succeeded
1454376479194	addons.xpi-utils	DEBUG	XPI Database saved, setting schema version preference to 17
1454376479194	DeferredSave.extensions.json	DEBUG	Starting timer
1454376479208	addons.repository	DEBUG	No addons.json found.
1454376479208	DeferredSave.addons.json	DEBUG	Save changes
1454376479233	DeferredSave.addons.json	DEBUG	Starting timer
1454376479251	addons.manager	DEBUG	Starting provider: PreviousExperimentProvider
1454376479251	addons.manager	DEBUG	Registering shutdown blocker for PreviousExperimentProvider
1454376479252	addons.manager	DEBUG	Provider finished startup: PreviousExperimentProvider
1454376479255	DeferredSave.extensions.json	DEBUG	Starting write
1454376479280	DeferredSave.extensions.json	DEBUG	Write succeeded
1454376479286	DeferredSave.addons.json	DEBUG	Starting write
1454376479534	DeferredSave.addons.json	DEBUG	Write succeeded

Build info: version: '2.47.1', revision: 'unknown', time: '2015-07-30 11:02:44'
System info: host: 'TASSU', ip: '192.168.1.11', os.name: 'Windows 7', os.arch: 'amd64', os.version: '6.1', java.version: '1.8.0_40'
Driver info: driver.version: FirefoxDriver
	at org.openqa.selenium.firefox.internal.NewProfileExtensionConnection.start(NewProfileExtensionConnection.java:134)
	at org.openqa.selenium.firefox.FirefoxDriver.startClient(FirefoxDriver.java:276)
	at org.openqa.selenium.remote.RemoteWebDriver.<init>(RemoteWebDriver.java:116)
	at org.openqa.selenium.firefox.FirefoxDriver.<init>(FirefoxDriver.java:221)
	at org.openqa.selenium.firefox.FirefoxDriver.<init>(FirefoxDriver.java:216)
	at org.openqa.selenium.firefox.FirefoxDriver.<init>(FirefoxDriver.java:212)
	at org.openqa.selenium.firefox.FirefoxDriver.<init>(FirefoxDriver.java:125)
	at com.expedia.selenium.ExpediaMavenTest.utilities.AbstractTest.setUp(AbstractTest.java:43)
	at sun.reflect.NativeMethodAccessorImpl.invoke0(Native Method)
	at sun.reflect.NativeMethodAccessorImpl.invoke(NativeMethodAccessorImpl.java:62)
	at sun.reflect.DelegatingMethodAccessorImpl.invoke(DelegatingMethodAccessorImpl.java:43)
	at java.lang.reflect.Method.invoke(Method.java:497)
	at org.testng.internal.MethodInvocationHelper.invokeMethod(MethodInvocationHelper.java:85)
	at org.testng.internal.Invoker.invokeConfigurationMethod(Invoker.java:510)
	at org.testng.internal.Invoker.invokeConfigurations(Invoker.java:211)
	at org.testng.internal.Invoker.invokeConfigurations(Invoker.java:138)
	at org.testng.SuiteRunner.privateRun(SuiteRunner.java:296)
	at org.testng.SuiteRunner.run(SuiteRunner.java:259)
	at org.testng.SuiteRunnerWorker.runSuite(SuiteRunnerWorker.java:52)
	at org.testng.SuiteRunnerWorker.run(SuiteRunnerWorker.java:86)
	at org.testng.TestNG.runSuitesSequentially(TestNG.java:1185)
	at org.testng.TestNG.runSuitesLocally(TestNG.java:1110)
	at org.testng.TestNG.run(TestNG.java:1018)
	at org.apache.maven.surefire.testng.TestNGExecutor.run(TestNGExecutor.java:295)
	at org.apache.maven.surefire.testng.TestNGXmlTestSuite.execute(TestNGXmlTestSuite.java:84)
	at org.apache.maven.surefire.testng.TestNGProvider.invoke(TestNGProvider.java:90)
	at org.apache.maven.surefire.booter.ForkedBooter.invokeProviderInSameClassLoader(ForkedBooter.java:203)
	at org.apache.maven.surefire.booter.ForkedBooter.runSuitesInProcess(ForkedBooter.java:155)
	at org.apache.maven.surefire.booter.ForkedBooter.main(ForkedBooter.java:103)
Caused by: org.openqa.selenium.firefox.NotConnectedException: Unable to connect to host 127.0.0.1 on port 7055 after 45000 ms. Firefox console output:
e DigitalPersona a sitios Web.","creator":null,"homepageURL":null},{"locales":["fr-FR"],"name":"Extension DigitalPersona","description":"Permet la prise en charge des ouvertures de session DigitalPersona sur des sites Web","creator":null,"homepageURL":null},{"locales":["it-IT"],"name":"Estensione DigitalPersona","description":"Fornisce il supporto per gli accessi di DigitalPersona ai siti Web","creator":null,"homepageURL":null},{"locales":["ja-JA"],"name":"DigitalPersona æ‹¡å¼µ","description":"Web ã‚µã‚¤ãƒˆã�¸ã�® DigitalPersona ãƒ­ã‚°ã‚ªãƒ³ã�®ã�Ÿã‚�ã�®ã‚µãƒ�ãƒ¼ãƒˆã‚’æ��ä¾›ã�™ã‚‹","creator":null,"homepageURL":null},{"locales":["ko-KO"],"name":"DigitalPersona í™•ìž¥","description":"ì›¹ ì‚¬ì�´íŠ¸ë¥¼ ìœ„í•œ DigitalPersona ë¡œê·¸ì˜¨ ì§€ì›� ì œê³µ","creator":null,"homepageURL":null},{"locales":["pt-BR"],"name":"ExtensÃ£o do DigitalPersona","description":"Oferece suporte aos logins do DigitalPersona em sites","creator":null,"homepageURL":null},{"locales":["zh-CN"],"name":"DigitalPersona æ‰©å±•","description":"ä¸º DigitalPersona ç™»å½•è‡³ Web ç«™ç‚¹æ��ä¾›æ”¯æŒ�","creator":null,"homepageURL":null},{"locales":["zh-TW"],"name":"DigitalPersona å»¶ä¼¸","description":"é‡�å°� DigitalPersona ç™»å…¥ç¶²ç«™æ��ä¾›æ”¯æ�´","creator":null,"homepageURL":null}],"targetApplications":[{"id":"{ec8030f7-c20a-464f-9b0e-13a3a9e97384}","minVersion":"3.*","maxVersion":"6.*"}],"targetPlatforms":[],"multiprocessCompatible":false,"signedState":0}
1454376474841	DeferredSave.extensions.json	DEBUG	Save changes
1454376474841	addons.xpi	DEBUG	Updating database with changes to installed add-ons
1454376474841	addons.xpi-utils	DEBUG	Updating add-on states
1454376474844	addons.xpi-utils	DEBUG	Writing add-ons list
1454376474850	addons.xpi	DEBUG	Registering manifest for C:\Program Files (x86)\Mozilla Firefox\browser\extensions\{82AF8DCA-6DE9-405D-BD5E-43525BDAD38A}.xpi
1454376474851	addons.xpi	DEBUG	Calling bootstrap method startup on {82AF8DCA-6DE9-405D-BD5E-43525BDAD38A} version 8.0.0.9103
1454376474985	addons.manager	DEBUG	Registering shutdown blocker for XPIProvider
1454376474986	addons.manager	DEBUG	Provider finished startup: XPIProvider
1454376474986	addons.manager	DEBUG	Starting provider: LightweightThemeManager
1454376474986	addons.manager	DEBUG	Registering shutdown blocker for LightweightThemeManager
1454376474986	addons.manager	DEBUG	Provider finished startup: LightweightThemeManager
1454376474986	addons.manager	DEBUG	Starting provider: GMPProvider
1454376474992	addons.manager	DEBUG	Registering shutdown blocker for GMPProvider
1454376474993	addons.manager	DEBUG	Provider finished startup: GMPProvider
1454376474993	addons.manager	DEBUG	Starting provider: PluginProvider
1454376474993	addons.manager	DEBUG	Registering shutdown blocker for PluginProvider
1454376474993	addons.manager	DEBUG	Provider finished startup: PluginProvider
1454376474993	addons.manager	DEBUG	Completed startup sequence
1454376477814	addons.manager	DEBUG	Starting provider: <unnamed-provider>
1454376477814	addons.manager	DEBUG	Registering shutdown blocker for <unnamed-provider>
1454376477816	addons.manager	DEBUG	Provider finished startup: <unnamed-provider>
1454376479194	DeferredSave.extensions.json	DEBUG	Write succeeded
1454376479194	addons.xpi-utils	DEBUG	XPI Database saved, setting schema version preference to 17
1454376479194	DeferredSave.extensions.json	DEBUG	Starting timer
1454376479208	addons.repository	DEBUG	No addons.json found.
1454376479208	DeferredSave.addons.json	DEBUG	Save changes
1454376479233	DeferredSave.addons.json	DEBUG	Starting timer
1454376479251	addons.manager	DEBUG	Starting provider: PreviousExperimentProvider
1454376479251	addons.manager	DEBUG	Registering shutdown blocker for PreviousExperimentProvider
1454376479252	addons.manager	DEBUG	Provider finished startup: PreviousExperimentProvider
1454376479255	DeferredSave.extensions.json	DEBUG	Starting write
1454376479280	DeferredSave.extensions.json	DEBUG	Write succeeded
1454376479286	DeferredSave.addons.json	DEBUG	Starting write
1454376479534	DeferredSave.addons.json	DEBUG	Write succeeded

	at org.openqa.selenium.firefox.internal.NewProfileExtensionConnection.start(NewProfileExtensionConnection.java:122)
	... 28 more
]]>
            </full-stacktrace>
          </exception> <!-- org.openqa.selenium.WebDriverException -->
          <reporter-output>
          </reporter-output>
        </test-method> <!-- setUp -->
        <test-method status="SKIP" signature="flightRoundTrip()[pri:0, instance:com.expedia.selenium.ExpediaMavenTest.TS001_TC001_VerifyRoundTrip@13969fbe]" name="flightRoundTrip" duration-ms="1" started-at="2016-02-01T20:28:36Z" description="Verify Flight RoundTrip" finished-at="2016-02-01T20:28:36Z">
          <reporter-output>
          </reporter-output>
        </test-method> <!-- flightRoundTrip -->
        <test-method status="SKIP" signature="handleScreenShot(org.testng.ITestResult)[pri:0, instance:com.expedia.selenium.ExpediaMavenTest.TS001_TC001_VerifyRoundTrip@13969fbe]" name="handleScreenShot" is-config="true" duration-ms="0" started-at="2016-02-01T20:28:36Z" finished-at="2016-02-01T20:28:36Z">
          <reporter-output>
          </reporter-output>
        </test-method> <!-- handleScreenShot -->
        <test-method status="SKIP" signature="navigateToHome()[pri:0, instance:com.expedia.selenium.ExpediaMavenTest.TS001_TC001_VerifyRoundTrip@13969fbe]" name="navigateToHome" is-config="true" duration-ms="0" started-at="2016-02-01T20:28:36Z" finished-at="2016-02-01T20:28:36Z">
          <reporter-output>
          </reporter-output>
        </test-method> <!-- navigateToHome -->
        <test-method status="FAIL" signature="closeBrowser()[pri:0, instance:com.expedia.selenium.ExpediaMavenTest.TS001_TC001_VerifyRoundTrip@13969fbe]" name="closeBrowser" is-config="true" duration-ms="0" started-at="2016-02-01T20:28:36Z" finished-at="2016-02-01T20:28:36Z">
          <exception class="java.lang.NullPointerException">
            <full-stacktrace>
              <![CDATA[java.lang.NullPointerException
	at com.expedia.selenium.ExpediaMavenTest.utilities.AbstractTest.closeBrowser(AbstractTest.java:67)
	at sun.reflect.NativeMethodAccessorImpl.invoke0(Native Method)
	at sun.reflect.NativeMethodAccessorImpl.invoke(NativeMethodAccessorImpl.java:62)
	at sun.reflect.DelegatingMethodAccessorImpl.invoke(DelegatingMethodAccessorImpl.java:43)
	at java.lang.reflect.Method.invoke(Method.java:497)
	at org.testng.internal.MethodInvocationHelper.invokeMethod(MethodInvocationHelper.java:85)
	at org.testng.internal.Invoker.invokeConfigurationMethod(Invoker.java:510)
	at org.testng.internal.Invoker.invokeConfigurations(Invoker.java:211)
	at org.testng.internal.Invoker.invokeConfigurations(Invoker.java:138)
	at org.testng.SuiteRunner.privateRun(SuiteRunner.java:327)
	at org.testng.SuiteRunner.run(SuiteRunner.java:259)
	at org.testng.SuiteRunnerWorker.runSuite(SuiteRunnerWorker.java:52)
	at org.testng.SuiteRunnerWorker.run(SuiteRunnerWorker.java:86)
	at org.testng.TestNG.runSuitesSequentially(TestNG.java:1185)
	at org.testng.TestNG.runSuitesLocally(TestNG.java:1110)
	at org.testng.TestNG.run(TestNG.java:1018)
	at org.apache.maven.surefire.testng.TestNGExecutor.run(TestNGExecutor.java:295)
	at org.apache.maven.surefire.testng.TestNGXmlTestSuite.execute(TestNGXmlTestSuite.java:84)
	at org.apache.maven.surefire.testng.TestNGProvider.invoke(TestNGProvider.java:90)
	at org.apache.maven.surefire.booter.ForkedBooter.invokeProviderInSameClassLoader(ForkedBooter.java:203)
	at org.apache.maven.surefire.booter.ForkedBooter.runSuitesInProcess(ForkedBooter.java:155)
	at org.apache.maven.surefire.booter.ForkedBooter.main(ForkedBooter.java:103)
]]>
            </full-stacktrace>
          </exception> <!-- java.lang.NullPointerException -->
          <reporter-output>
          </reporter-output>
        </test-method> <!-- closeBrowser -->
      </class> <!-- com.expedia.selenium.ExpediaMavenTest.TS001_TC001_VerifyRoundTrip -->
      <class name="com.expedia.selenium.ExpediaMavenTest.TS001_TC002_VerifyRoundTripWtPreferredAirlines">
        <test-method status="SKIP" signature="flightRoundTripWtPrefAirlines()[pri:0, instance:com.expedia.selenium.ExpediaMavenTest.TS001_TC002_VerifyRoundTripWtPreferredAirlines@73f792cf]" name="flightRoundTripWtPrefAirlines" duration-ms="0" started-at="2016-02-01T20:28:36Z" description="Verify Flight RoundTrip with preferred airlines" finished-at="2016-02-01T20:28:36Z">
          <reporter-output>
          </reporter-output>
        </test-method> <!-- flightRoundTripWtPrefAirlines -->
        <test-method status="SKIP" signature="handleScreenShot(org.testng.ITestResult)[pri:0, instance:com.expedia.selenium.ExpediaMavenTest.TS001_TC002_VerifyRoundTripWtPreferredAirlines@73f792cf]" name="handleScreenShot" is-config="true" duration-ms="0" started-at="2016-02-01T20:28:36Z" finished-at="2016-02-01T20:28:36Z">
          <reporter-output>
          </reporter-output>
        </test-method> <!-- handleScreenShot -->
        <test-method status="SKIP" signature="navigateToHome()[pri:0, instance:com.expedia.selenium.ExpediaMavenTest.TS001_TC002_VerifyRoundTripWtPreferredAirlines@73f792cf]" name="navigateToHome" is-config="true" duration-ms="0" started-at="2016-02-01T20:28:36Z" finished-at="2016-02-01T20:28:36Z">
          <reporter-output>
          </reporter-output>
        </test-method> <!-- navigateToHome -->
      </class> <!-- com.expedia.selenium.ExpediaMavenTest.TS001_TC002_VerifyRoundTripWtPreferredAirlines -->
    </test> <!-- ExpediaTest -->
  </suite> <!-- ExpediaTestSuite -->
</testng-results>
